<?xml version="1.0" encoding="UTF-8" ?>
<testsuite tests="30" failures="0" name="umons.fpms.ig19.Ig19Suite" time="1.778" errors="0" skipped="0">
  <properties>
[...]
</properties>
  <testcase classname="umons.fpms.ig19.DataAccessTest" name="testConnect" time="0.962"/>
  <testcase classname="umons.fpms.ig19.ProfTest" name="testSetDateNaiss" time="0.001"/>
  <testcase classname="umons.fpms.ig19.ProfTest" name="testSetFirstname" time="0"/>
  <testcase classname="umons.fpms.ig19.ProfTest" name="testAdd" time="0.185"/>
  <testcase classname="umons.fpms.ig19.ProfTest" name="testToString" time="0"/>
  <testcase classname="umons.fpms.ig19.ProfTest" name="testSelect_0args" time="0.023"/>
  <testcase classname="umons.fpms.ig19.ProfTest" name="testGetName" time="0.001"/>
  <testcase classname="umons.fpms.ig19.ProfTest" name="testGetListCours" time="0.041"/>
  <testcase classname="umons.fpms.ig19.ProfTest" name="testGetLieuNaiss" time="0"/>
  <testcase classname="umons.fpms.ig19.ProfTest" name="testGetDateNaiss" time="0.001"/>
  <testcase classname="umons.fpms.ig19.ProfTest" name="testGetFirstname" time="0"/>
  <testcase classname="umons.fpms.ig19.ProfTest" name="testDelete" time="0.026"/>
  <testcase classname="umons.fpms.ig19.ProfTest" name="testSetName" time="0.001"/>
  <testcase classname="umons.fpms.ig19.ProfTest" name="testUpdate" time="0.091"/>
  <testcase classname="umons.fpms.ig19.ProfTest" name="testSetLieuNaiss" time="0.001"/>
  <testcase classname="umons.fpms.ig19.ProfTest" name="testSelect_String" time="0.028"/>
  <testcase classname="umons.fpms.ig19.ProfTest" name="testSelect_int" time="0.023"/>
  <testcase classname="umons.fpms.ig19.CoursTest" name="testGetDuree" time="0.001"/>
  <testcase classname="umons.fpms.ig19.CoursTest" name="testAdd" time="0.2"/>
  <testcase classname="umons.fpms.ig19.CoursTest" name="testToString" time="0.001"/>
  <testcase classname="umons.fpms.ig19.CoursTest" name="testSelect_0args" time="0.024"/>
  <testcase classname="umons.fpms.ig19.CoursTest" name="testGetProf" time="0"/>
  <testcase classname="umons.fpms.ig19.CoursTest" name="testDelete" time="0.058"/>
  <testcase classname="umons.fpms.ig19.CoursTest" name="testSetProf" time="0.001"/>
  <testcase classname="umons.fpms.ig19.CoursTest" name="testUpdate" time="0.074"/>
  <testcase classname="umons.fpms.ig19.CoursTest" name="testSelect_String" time="0.024"/>
  <testcase classname="umons.fpms.ig19.CoursTest" name="testSetIntitule" time="0"/>
  <testcase classname="umons.fpms.ig19.CoursTest" name="testSelect_int" time="0.01"/>
  <testcase classname="umons.fpms.ig19.CoursTest" name="testGetIntitule" time="0"/>
  <testcase classname="umons.fpms.ig19.CoursTest" name="testSetDuree" time="0.001"/>
</testsuite>